0 info it worked if it ends with ok
1 verbose cli [ 'C:\\Program Files (x86)\\nodejs\\\\node.exe',
1 verbose cli   'C:\\Program Files (x86)\\nodejs\\node_modules\\npm\\bin\\npm-cli.js',
1 verbose cli   'install',
1 verbose cli   'ngCordova' ]
2 info using npm@1.4.28
3 info using node@v0.10.35
4 verbose node symlink C:\Program Files (x86)\nodejs\\node.exe
5 warn package.json localnotification@1.0.0 No repository field.
6 warn package.json localnotification@1.0.0 No README data
7 verbose readDependencies using package.json deps
8 verbose cache add [ 'ngCordova', null ]
9 verbose cache add name=undefined spec="ngCordova" args=["ngCordova",null]
10 verbose parsed url { protocol: null,
10 verbose parsed url   slashes: null,
10 verbose parsed url   auth: null,
10 verbose parsed url   host: null,
10 verbose parsed url   port: null,
10 verbose parsed url   hostname: null,
10 verbose parsed url   hash: null,
10 verbose parsed url   search: null,
10 verbose parsed url   query: null,
10 verbose parsed url   pathname: 'ngCordova',
10 verbose parsed url   path: 'ngCordova',
10 verbose parsed url   href: 'ngCordova' }
11 silly lockFile c4cc40e6-ngCordova ngCordova
12 verbose lock ngCordova C:\Users\Desmond\AppData\Roaming\npm-cache\c4cc40e6-ngCordova.lock
13 silly lockFile c4cc40e6-ngCordova ngCordova
14 silly lockFile c4cc40e6-ngCordova ngCordova
15 verbose addNamed [ 'ngCordova', '' ]
16 verbose addNamed [ null, '*' ]
17 silly lockFile e8f61dac-ngCordova ngCordova@
18 verbose lock ngCordova@ C:\Users\Desmond\AppData\Roaming\npm-cache\e8f61dac-ngCordova.lock
19 silly addNameRange { name: 'ngCordova', range: '*', hasData: false }
20 verbose request where is /ngCordova
21 verbose request registry https://registry.npmjs.org/
22 verbose request id 6a47fb6c10ac54cd
23 verbose url raw /ngCordova
24 verbose url resolving [ 'https://registry.npmjs.org/', './ngCordova' ]
25 verbose url resolved https://registry.npmjs.org/ngCordova
26 verbose request where is https://registry.npmjs.org/ngCordova
27 info trying registry request attempt 1 at 20:03:39
28 http GET https://registry.npmjs.org/ngCordova
29 http 404 https://registry.npmjs.org/ngCordova
30 verbose headers { server: 'CouchDB/1.5.0 (Erlang OTP/R16B03)',
30 verbose headers   'content-type': 'application/json',
30 verbose headers   'cache-control': 'max-age=0',
30 verbose headers   'content-length': '51',
30 verbose headers   'accept-ranges': 'bytes',
30 verbose headers   date: 'Sun, 03 May 2015 12:03:39 GMT',
30 verbose headers   via: '1.1 varnish',
30 verbose headers   age: '0',
30 verbose headers   connection: 'keep-alive',
30 verbose headers   'x-served-by': 'cache-hkg6822-HKG',
30 verbose headers   'x-cache': 'MISS',
30 verbose headers   'x-cache-hits': '0',
30 verbose headers   'x-timer': 'S1430654618.893999,VS0,VE250' }
31 silly registry.get cb [ 404,
31 silly registry.get   { server: 'CouchDB/1.5.0 (Erlang OTP/R16B03)',
31 silly registry.get     'content-type': 'application/json',
31 silly registry.get     'cache-control': 'max-age=0',
31 silly registry.get     'content-length': '51',
31 silly registry.get     'accept-ranges': 'bytes',
31 silly registry.get     date: 'Sun, 03 May 2015 12:03:39 GMT',
31 silly registry.get     via: '1.1 varnish',
31 silly registry.get     age: '0',
31 silly registry.get     connection: 'keep-alive',
31 silly registry.get     'x-served-by': 'cache-hkg6822-HKG',
31 silly registry.get     'x-cache': 'MISS',
31 silly registry.get     'x-cache-hits': '0',
31 silly registry.get     'x-timer': 'S1430654618.893999,VS0,VE250' } ]
32 silly lockFile e8f61dac-ngCordova ngCordova@
33 silly lockFile e8f61dac-ngCordova ngCordova@
34 error 404 404 Not Found: ngCordova
34 error 404
34 error 404 'ngCordova' is not in the npm registry.
34 error 404 You should bug the author to publish it
34 error 404 It was specified as a dependency of 'localnotification'
34 error 404
34 error 404 Note that you can also install from a
34 error 404 tarball, folder, or http url, or git url.
35 error System Windows_NT 6.2.9200
36 error command "C:\\Program Files (x86)\\nodejs\\\\node.exe" "C:\\Program Files (x86)\\nodejs\\node_modules\\npm\\bin\\npm-cli.js" "install" "ngCordova"
37 error cwd D:\Development\Learning\PhoneGap\ngCordovaPlugins\LocalNotification
38 error node -v v0.10.35
39 error npm -v 1.4.28
40 error code E404
41 verbose exit [ 1, true ]
